<?xml version="1.0" encoding="UTF-8"?>
<beans xmlns="http://www.springframework.org/schema/beans"
	xmlns:xsi="http://www.w3.org/2001/XMLSchema-instance" xmlns:p="http://www.springframework.org/schema/p"
	xmlns:context="http://www.springframework.org/schema/context"  xmlns:util="http://www.springframework.org/schema/util"
	xmlns:aop="http://www.springframework.org/schema/aop" xmlns:tx="http://www.springframework.org/schema/tx"
	xmlns:jdbc="http://www.springframework.org/schema/jdbc" xmlns:jpa="http://www.springframework.org/schema/data/jpa"
	xsi:schemaLocation="
        http://www.springframework.org/schema/beans http://www.springframework.org/schema/beans/spring-beans.xsd
        http://www.springframework.org/schema/context http://www.springframework.org/schema/context/spring-context.xsd
        http://www.springframework.org/schema/aop http://www.springframework.org/schema/aop/spring-aop.xsd
        http://www.springframework.org/schema/tx http://www.springframework.org/schema/tx/spring-tx.xsd
		http://www.springframework.org/schema/jdbc http://www.springframework.org/schema/jdbc/spring-jdbc.xsd
	   	http://www.springframework.org/schema/data/jpa http://www.springframework.org/schema/data/jpa/spring-jpa.xsd">

	<beans profile="!memoryDS">
  	    <context:property-placeholder location="classpath:datasource.properties,classpath:alp.properties" />
    </beans>
  	<beans profile="memoryDS">
  		<context:property-placeholder location="classpath:inmemory.properties,classpath:alp.properties" />
  	</beans>

  	<beans>
	    <!-- Bijhouding -->
	    <import resource="classpath:business-beans.xml" />

	    <context:component-scan base-package="nl.bzk.brp.dataaccess.repository.jpa" />
	    <jpa:repositories base-package="nl.bzk.brp.dataaccess.repository" entity-manager-factory-ref="lezenSchrijvenEntityManagerFactory" transaction-manager-ref="lezenSchrijvenTransactionManager"/>

	    <context:component-scan base-package="nl.bzk.brp.webservice.business" />

	    <!-- 'Overschrijf' locker -->
	    <bean id="brpLockerImpl" class="nl.bzk.migratiebrp.test.sleutelrubrieken.DummyLocker" />
    </beans>
</beans>
