<?xml version="1.0" encoding="UTF-8"?>
<beans xmlns="http://www.springframework.org/schema/beans"
       xmlns:xsi="http://www.w3.org/2001/XMLSchema-instance"
       xmlns:jdbc="http://www.springframework.org/schema/jdbc"
       xsi:schemaLocation="
        http://www.springframework.org/schema/beans http://www.springframework.org/schema/beans/spring-beans-4.2.xsd
        http://www.springframework.org/schema/jdbc http://www.springframework.org/schema/jdbc/spring-jdbc-4.2.xsd">

    <bean id="embeddedDatabaseServer" class="org.hsqldb.server.Server" init-method="start" destroy-method="stop">
        <property name="port" value="9009"/>
        <property name="properties">
            <bean class="org.hsqldb.persist.HsqlProperties">
                <constructor-arg>
                    <props>
                        <prop key="server.database.0">mem:activemq</prop>
                        <prop key="server.dbname.0">activemq</prop>
                        <prop key="server.database.1">mem:brp</prop>
                        <prop key="server.dbname.1">brp</prop>
                        <prop key="server.database.2">mem:activemqbrp</prop>
                        <prop key="server.dbname.2">activemqbrp</prop>
                    </props>
                </constructor-arg>
            </bean>
        </property>
    </bean>

    <bean id="initializeActivemqDataSource" class="org.springframework.jdbc.datasource.DriverManagerDataSource" depends-on="embeddedDatabaseServer">
        <property name="driverClassName" value="org.hsqldb.jdbc.JDBCDriver"/>
        <property name="url" value="jdbc:hsqldb:hsql://localhost:9009/activemq"/>
        <property name="username" value="sa"/>
        <property name="password" value=""/>
    </bean>

    <bean id="initializeBrpDataSource" class="org.springframework.jdbc.datasource.DriverManagerDataSource" depends-on="embeddedDatabaseServer">
        <property name="driverClassName" value="org.hsqldb.jdbc.JDBCDriver"/>
        <property name="url" value="jdbc:hsqldb:hsql://localhost:9009/brp"/>
        <property name="username" value="sa"/>
        <property name="password" value=""/>
    </bean>

    <jdbc:initialize-database ignore-failures="ALL" data-source="initializeActivemqDataSource">
        <jdbc:script location="classpath:sql/activemq-drop.sql"/>
        <jdbc:script location="classpath:sql/postgres.sql"/>
    </jdbc:initialize-database>

    <jdbc:initialize-database data-source="initializeActivemqDataSource">
        <jdbc:script location="classpath:sql/activemq-create.sql"/>
    </jdbc:initialize-database>

    <jdbc:initialize-database data-source="initializeBrpDataSource">
        <jdbc:script location="classpath:sql/hsqldb/HSQLDB.sql"/>
    </jdbc:initialize-database>
    <jdbc:initialize-database ignore-failures="ALL" data-source="initializeBrpDataSource">
        <jdbc:script location="classpath:sql/hsqldb/4_brp-migratie-tijdelijk.sql"/>
    </jdbc:initialize-database>


</beans>
