<?xml version="1.0" encoding="UTF-8"?>
<beans xmlns="http://www.springframework.org/schema/beans"
       xmlns:xsi="http://www.w3.org/2001/XMLSchema-instance"
       xmlns:context="http://www.springframework.org/schema/context"
       xsi:schemaLocation="
        http://www.springframework.org/schema/beans http://www.springframework.org/schema/beans/spring-beans.xsd
        http://www.springframework.org/schema/context http://www.springframework.org/schema/context/spring-context.xsd
    ">
    <context:property-placeholder location="classpath:brp-test.properties"/>

    <import resource="classpath:/config/test-datasource-beans.xml" />
    <import resource="classpath:/config/jms-context.xml"/>
    <import resource="classpath:bezemwagen-context.xml" />
    <import resource="classpath:lev-dataaccess-beans.xml" />
    <import resource="classpath:dataaccess-beans.xml" />
</beans>
