<?xml version="1.0" encoding="UTF-8"?>
<beans xmlns="http://www.springframework.org/schema/beans"
xmlns:xsi="http://www.w3.org/2001/XMLSchema-instance" xmlns:context="http://www.springframework.org/schema/context"
xmlns:jdbc="http://www.springframework.org/schema/jdbc"
xsi:schemaLocation="
        http://www.springframework.org/schema/beans http://www.springframework.org/schema/beans/spring-beans.xsd
        http://www.springframework.org/schema/context http://www.springframework.org/schema/context/spring-context-3.0.xsd
        http://www.springframework.org/schema/jdbc http://www.springframework.org/schema/jdbc/spring-jdbc-3.0.xsd
    ">
    <context:property-placeholder location="classpath*:controle-scheduler.properties" />

    <import resource="classpath:mutatiecontrole-beans.xml" />
    <import resource="classpath:datasource-beans.xml" />
    <import resource="classpath:/config/jms-context.xml" />

    <jdbc:initialize-database data-source="brpDataSource">
        <jdbc:script location="classpath:/database/clean-db.sql" />
        <jdbc:script location="classpath:/database/brp.sql" />
        <jdbc:script location="classpath:/database/tijdstipVerwerkingMutatie.sql" />
    </jdbc:initialize-database>

</beans>
