<databaseChangeLog
        xmlns="http://www.liquibase.org/xml/ns/dbchangelog"
        xmlns:xsi="http://www.w3.org/2001/XMLSchema-instance"
        xsi:schemaLocation="
    http://www.liquibase.org/xml/ns/dbchangelog http://www.liquibase.org/xml/ns/dbchangelog/dbchangelog-3.1.xsd
">
    <preConditions onFail="HALT">
        <dbms type="postgresql"/>
    </preConditions>

    <changeSet id="1" author="brp">
        <preConditions onFail="HALT">
            <changeSetExecuted id="1" author="brp" changeLogFile="changeset/kern-database.xml"/>
        </preConditions>
        <comment>Zet cascade delete aan.</comment>

        <sqlFile path="kern/helper/93-deleteCascade.sql" splitStatements="false"/>
    </changeSet>
</databaseChangeLog>