<?xml version="1.0" encoding="UTF-8"?>
<beans xmlns="http://www.springframework.org/schema/beans"
	xmlns:xsi="http://www.w3.org/2001/XMLSchema-instance" xmlns:p="http://www.springframework.org/schema/p"
	xmlns:context="http://www.springframework.org/schema/context"  xmlns:util="http://www.springframework.org/schema/util"
	xmlns:aop="http://www.springframework.org/schema/aop" xmlns:tx="http://www.springframework.org/schema/tx"
	xmlns:jdbc="http://www.springframework.org/schema/jdbc" xmlns:jpa="http://www.springframework.org/schema/data/jpa"
	xsi:schemaLocation="
        http://www.springframework.org/schema/beans http://www.springframework.org/schema/beans/spring-beans.xsd
        http://www.springframework.org/schema/context http://www.springframework.org/schema/context/spring-context.xsd
        http://www.springframework.org/schema/aop http://www.springframework.org/schema/aop/spring-aop.xsd
        http://www.springframework.org/schema/tx http://www.springframework.org/schema/tx/spring-tx.xsd
		http://www.springframework.org/schema/jdbc http://www.springframework.org/schema/jdbc/spring-jdbc.xsd
	   	http://www.springframework.org/schema/data/jpa http://www.springframework.org/schema/data/jpa/spring-jpa.xsd
	   	http://www.springframework.org/schema/util http://www.springframework.org/schema/util/spring-util.xsd" >

 	<context:property-placeholder location="classpath:inmemory.properties" />
    <context:annotation-config />

	<jdbc:embedded-database id="testDb" />

    <bean name="syncDalDataSource" class="org.apache.commons.dbcp.BasicDataSource" destroy-method="close">
        <property name="driverClassName" value="${jdbc.driverClassName}"/>
        <property name="url" value="${jdbc.url}"/>
        <property name="username" value="${jdbc.username}"/>
        <property name="password" value="${jdbc.password}"/>
    </bean>

	<jdbc:initialize-database data-source="syncDalDataSource">
	    <jdbc:script location="classpath:sql/hsqldb/HSQLDB.sql" />
	    <jdbc:script location="classpath:sql/hsqldb/4_brp-migratie-tijdelijk.sql" />
	</jdbc:initialize-database>

	<bean id="dbUnitBrpUtil" class="nl.bzk.migratiebrp.synchronisatie.dal.util.brpkern.DBUnitBrpUtil" />
</beans>
