<?xml version="1.0" encoding="UTF-8"?>
<beans xmlns="http://www.springframework.org/schema/beans" xmlns:xsi="http://www.w3.org/2001/XMLSchema-instance"
       xmlns:context="http://www.springframework.org/schema/context"
       xmlns:amq="http://activemq.apache.org/schema/core"
       xsi:schemaLocation="http://www.springframework.org/schema/beans http://www.springframework.org/schema/beans/spring-beans.xsd
        http://www.springframework.org/schema/context http://www.springframework.org/schema/context/spring-context.xsd
        http://activemq.apache.org/schema/core http://activemq.apache.org/schema/core/activemq-core.xsd">

    <context:property-placeholder location="classpath:brp-test.properties"/>

    <bean id="dataSourceMasterLockTest" parent="templateDataSource">
        <property name="url" value="${jdbc.master.url}"/>
        <property name="username" value="${jdbc.master.username}"/>
        <property name="password" value="${jdbc.master.password}"/>
    </bean>

    <import resource="classpath:config/datasource-beans.xml"/>

	<!-- algemeen-opslag-dataaccess -->
    <import resource="classpath:dataaccess-beans.xml"/>
    
	<!-- gba-algemeen -->    
    <import resource="classpath:gba-algemeen-beans.xml"/>
</beans>
