<?xml version="1.0" encoding="UTF-8"?>
<beans xmlns="http://www.springframework.org/schema/beans"
       xmlns:xsi="http://www.w3.org/2001/XMLSchema-instance"
       xmlns:context="http://www.springframework.org/schema/context"
       xmlns:amq="http://activemq.apache.org/schema/core"
       xmlns:jdbc="http://www.springframework.org/schema/jdbc"
       xsi:schemaLocation="http://www.springframework.org/schema/beans http://www.springframework.org/schema/beans/spring-beans.xsd
         				   http://www.springframework.org/schema/context http://www.springframework.org/schema/context/spring-context.xsd
      					   http://www.springframework.org/schema/jdbc http://www.springframework.org/schema/jdbc/spring-jdbc.xsd
                           http://activemq.apache.org/schema/core http://activemq.apache.org/schema/core/activemq-core.xsd">

	<context:property-placeholder location="classpath:tools-brp-routering.properties" />

	<amq:connectionFactory id="connectionFactory" brokerURL="${routering.activemq.url:nio://localhost:61616}" />
	<amq:queue id="archiefQueue" physicalName="${queue.gba.archief:GbaArchief}" />
	
	<bean class="org.springframework.jms.core.JmsTemplate">
		<property name="connectionFactory" ref="connectionFactory" />
	</bean>	
</beans>