<?xml version="1.0" encoding="UTF-8"?>
<beans xmlns="http://www.springframework.org/schema/beans"
       xmlns:xsi="http://www.w3.org/2001/XMLSchema-instance"
       xmlns:context="http://www.springframework.org/schema/context"
	xsi:schemaLocation="
        http://www.springframework.org/schema/beans http://www.springframework.org/schema/beans/spring-beans-4.2.xsd
        http://www.springframework.org/schema/context http://www.springframework.org/schema/context/spring-context-4.2.xsd">

	<beans profile="!memoryDS">
  	    <context:property-placeholder location="classpath:datasource.properties,classpath:alp.properties" />
    </beans>
  	<beans profile="memoryDS">
  		<context:property-placeholder location="classpath:inmemory.properties,classpath:alp.properties" />
  	</beans>

	<beans>
	    <!-- data access -->
	    <import resource="classpath:alleenlezen-emf-bean.xml"/>

	    <context:component-scan base-package="nl.bzk.brp.levering.dataaccess" />

	    <!-- business -->
	    <import resource="classpath:gba-algemeen-beans.xml" />
	    <import resource="classpath:lo3-conversie-beans.xml" />

		<import resource="classpath:blobifier-beans.xml" />

	    <bean id="sleutelrubriekGewijzigdBepaler" class="nl.bzk.brp.levering.business.bepalers.impl.SleutelrubriekGewijzigdBepalerImpl"/>
		<bean class="nl.bzk.brp.levering.algemeen.service.impl.ToekomstigeActieServiceImpl" />
		<bean name="dummyExpressieService" class="nl.bzk.migratiebrp.test.sleutelrubrieken.DummyExpressieServiceFactory" />

	</beans>
</beans>
