<?xml version="1.0" encoding="UTF-8"?>
<beans xmlns="http://www.springframework.org/schema/beans"
	xmlns:xsi="http://www.w3.org/2001/XMLSchema-instance" xmlns:p="http://www.springframework.org/schema/p"
	xmlns:context="http://www.springframework.org/schema/context"  xmlns:util="http://www.springframework.org/schema/util"
	xmlns:aop="http://www.springframework.org/schema/aop" xmlns:tx="http://www.springframework.org/schema/tx"
	xmlns:jdbc="http://www.springframework.org/schema/jdbc" xmlns:jpa="http://www.springframework.org/schema/data/jpa"
	xsi:schemaLocation="
        http://www.springframework.org/schema/beans http://www.springframework.org/schema/beans/spring-beans-3.1.xsd
        http://www.springframework.org/schema/context http://www.springframework.org/schema/context/spring-context-3.0.xsd
        http://www.springframework.org/schema/aop http://www.springframework.org/schema/aop/spring-aop-3.0.xsd
        http://www.springframework.org/schema/tx http://www.springframework.org/schema/tx/spring-tx-3.0.xsd
		http://www.springframework.org/schema/jdbc http://www.springframework.org/schema/jdbc/spring-jdbc-3.0.xsd
	   	http://www.springframework.org/schema/data/jpa http://www.springframework.org/schema/data/jpa/spring-jpa.xsd
	   	http://www.springframework.org/schema/util http://www.springframework.org/schema/util/spring-util-3.0.xsd">


	<context:property-placeholder location="datasource.properties" />

    <import resource="main-beans.xml"/>

    <beans profile="memoryDS">
        <!-- In memory profile -->
        <jdbc:embedded-database id="dataSource">
            <jdbc:script location="classpath:sql/hqsldb/createKernSchema.sql" />
            <jdbc:script location="classpath:sql/hqsldb/createConversietabelSchema.sql" />
            <jdbc:script location="classpath:sql/hqsldb/createLoggingSchema.sql" />
            <jdbc:script location="classpath:sql/data/insertStatischeStamgegevens.sql" />
        </jdbc:embedded-database>

        <bean id="jpaVendorAdapter"
              class="org.springframework.orm.jpa.vendor.HibernateJpaVendorAdapter">
            <property name="showSql" value="false" />
            <property name="generateDdl" value="false" />
            <property name="database" value="HSQL" />
            <property name="databasePlatform" value="org.hibernate.dialect.HSQLDialect" />
        </bean>

        <bean id="entityManagerFactory"
              class="org.springframework.orm.jpa.LocalContainerEntityManagerFactoryBean">
            <property name="persistenceUnitName" value="BrpEntities" />
            <property name="dataSource" ref="dataSource" />
            <property name="jpaVendorAdapter" ref="jpaVendorAdapter" />
        </bean>
    </beans>
</beans>
